{"date":"2020-10-19T15:20:16.490Z","level":"error","errorCode":500,"message":"Uncaught Exception: Test error., Error: Test error.\n    at Object.<anonymous> (C:\\Users\\Alexy\\Documents\\my\\rolling-scope\\NodeJS\\nodejs-course\\src\\app.js:44:7)\n    at Module._compile (internal/modules/cjs/loader.js:1185:30)\n    at Object.Module._extensions..js (internal/modules/cjs/loader.js:1205:10)\n    at Module.load (internal/modules/cjs/loader.js:1034:32)\n    at Function.Module._load (internal/modules/cjs/loader.js:923:14)\n    at Module.require (internal/modules/cjs/loader.js:1074:19)\n    at require (internal/modules/cjs/helpers.js:72:18)\n    at Object.<anonymous> (C:\\Users\\Alexy\\Documents\\my\\rolling-scope\\NodeJS\\nodejs-course\\src\\server.js:2:13)\n    at Module._compile (internal/modules/cjs/loader.js:1185:30)\n    at Object.Module._extensions..js (internal/modules/cjs/loader.js:1205:10)","stackTrace":""}
{"date":"2020-10-19T15:26:13.135Z","level":"info","errorCode":"","message":"{\"method\":\"POST\",\"path\":\"/boards\",\"body\":{\"title\":\"Autotest board\",\"columns\":[{\"title\":\"Backlog\",\"order\":1},{\"title\":\"Sprint\",\"order\":2}]},\"query\":{}}","stackTrace":""}
{"date":"2020-10-19T15:26:13.146Z","level":"info","errorCode":"","message":"{\"method\":\"POST\",\"path\":\"/boards\",\"body\":{\"title\":\"Autotest board\",\"columns\":[{\"title\":\"Backlog\",\"order\":1},{\"title\":\"Sprint\",\"order\":2}]},\"query\":{}}","stackTrace":""}
{"date":"2020-10-19T15:26:13.152Z","level":"info","errorCode":"","message":"{\"method\":\"POST\",\"path\":\"/boards/42d7a4c9-cc57-4eff-abb5-81644803f192/tasks\",\"body\":{\"title\":\"Autotest task\",\"order\":0,\"description\":\"Lorem ipsum\",\"userId\":null,\"boardId\":null,\"columnId\":null},\"query\":{}}","stackTrace":""}
{"date":"2020-10-19T15:26:13.161Z","level":"info","errorCode":"","message":"{\"method\":\"GET\",\"path\":\"/boards\",\"body\":{},\"query\":{}}","stackTrace":""}
{"date":"2020-10-19T15:26:13.165Z","level":"info","errorCode":"","message":"{\"method\":\"GET\",\"path\":\"/boards/42d7a4c9-cc57-4eff-abb5-81644803f192/tasks\",\"body\":{},\"query\":{}}","stackTrace":""}
{"date":"2020-10-19T15:26:13.178Z","level":"info","errorCode":"","message":"{\"method\":\"GET\",\"path\":\"/boards\",\"body\":{},\"query\":{}}","stackTrace":""}
{"date":"2020-10-19T15:26:13.182Z","level":"info","errorCode":"","message":"{\"method\":\"GET\",\"path\":\"/boards/42d7a4c9-cc57-4eff-abb5-81644803f192/tasks\",\"body\":{},\"query\":{}}","stackTrace":""}
{"date":"2020-10-19T15:26:13.187Z","level":"info","errorCode":"","message":"{\"method\":\"GET\",\"path\":\"/boards/42d7a4c9-cc57-4eff-abb5-81644803f192\",\"body\":{},\"query\":{}}","stackTrace":""}
{"date":"2020-10-19T15:26:13.190Z","level":"info","errorCode":"","message":"{\"method\":\"GET\",\"path\":\"/boards/42d7a4c9-cc57-4eff-abb5-81644803f192/tasks/5159af33-0efa-4a7d-8cb0-00a03e4ae9ad\",\"body\":{},\"query\":{}}","stackTrace":""}
{"date":"2020-10-19T15:26:13.203Z","level":"info","errorCode":"","message":"{\"method\":\"POST\",\"path\":\"/boards\",\"body\":{\"title\":\"Autotest board\",\"columns\":[{\"title\":\"Backlog\",\"order\":1},{\"title\":\"Sprint\",\"order\":2}]},\"query\":{}}","stackTrace":""}
{"date":"2020-10-19T15:26:13.209Z","level":"info","errorCode":"","message":"{\"method\":\"POST\",\"path\":\"/boards/42d7a4c9-cc57-4eff-abb5-81644803f192/tasks\",\"body\":{\"title\":\"Autotest task\",\"order\":0,\"description\":\"Lorem ipsum\",\"userId\":null,\"boardId\":null,\"columnId\":null},\"query\":{}}","stackTrace":""}
{"date":"2020-10-19T15:26:13.214Z","level":"info","errorCode":"","message":"{\"method\":\"DELETE\",\"path\":\"/boards/3fcb9469-7b1b-4d4d-92bf-40826d3b4c97\",\"body\":{},\"query\":{}}","stackTrace":""}
{"date":"2020-10-19T15:26:13.219Z","level":"info","errorCode":"","message":"{\"method\":\"DELETE\",\"path\":\"/boards/42d7a4c9-cc57-4eff-abb5-81644803f192/tasks/821b58ec-bf58-4482-8faa-0d340e03e8c9\",\"body\":{},\"query\":{}}","stackTrace":""}
{"date":"2020-10-19T15:26:13.225Z","level":"info","errorCode":"","message":"{\"method\":\"POST\",\"path\":\"/boards\",\"body\":{\"title\":\"Autotest board\",\"columns\":[{\"title\":\"Backlog\",\"order\":1},{\"title\":\"Sprint\",\"order\":2}]},\"query\":{}}","stackTrace":""}
{"date":"2020-10-19T15:26:13.229Z","level":"info","errorCode":"","message":"{\"method\":\"POST\",\"path\":\"/boards/42d7a4c9-cc57-4eff-abb5-81644803f192/tasks\",\"body\":{\"title\":\"Autotest task\",\"order\":0,\"description\":\"Lorem ipsum\",\"userId\":null,\"boardId\":null,\"columnId\":null},\"query\":{}}","stackTrace":""}
{"date":"2020-10-19T15:26:13.233Z","level":"info","errorCode":"","message":"{\"method\":\"PUT\",\"path\":\"/boards/f26cf98f-fd01-43a6-b7d2-a12200c962b0\",\"body\":{\"id\":\"f26cf98f-fd01-43a6-b7d2-a12200c962b0\",\"title\":\"Autotest updated board\",\"columns\":[{\"title\":\"Backlog\",\"order\":1},{\"title\":\"Sprint\",\"order\":2}]},\"query\":{}}","stackTrace":""}
{"date":"2020-10-19T15:26:13.238Z","level":"info","errorCode":"","message":"{\"method\":\"PUT\",\"path\":\"/boards/42d7a4c9-cc57-4eff-abb5-81644803f192/tasks/e3803812-bbad-4ab3-80c6-78601365c573\",\"body\":{\"id\":\"e3803812-bbad-4ab3-80c6-78601365c573\",\"title\":\"Autotest updated task\",\"order\":0,\"description\":\"Lorem ipsum\",\"userId\":null,\"boardId\":\"42d7a4c9-cc57-4eff-abb5-81644803f192\",\"columnId\":null},\"query\":{}}","stackTrace":""}
{"date":"2020-10-19T15:26:13.242Z","level":"info","errorCode":"","message":"{\"method\":\"GET\",\"path\":\"/boards/f26cf98f-fd01-43a6-b7d2-a12200c962b0\",\"body\":{},\"query\":{}}","stackTrace":""}
{"date":"2020-10-19T15:26:13.249Z","level":"info","errorCode":"","message":"{\"method\":\"GET\",\"path\":\"/boards/42d7a4c9-cc57-4eff-abb5-81644803f192/tasks/e3803812-bbad-4ab3-80c6-78601365c573\",\"body\":{},\"query\":{}}","stackTrace":""}
{"date":"2020-10-19T15:26:13.254Z","level":"info","errorCode":"","message":"{\"method\":\"GET\",\"path\":\"/users\",\"body\":{},\"query\":{}}","stackTrace":""}
{"date":"2020-10-19T15:26:13.259Z","level":"info","errorCode":"","message":"{\"method\":\"DELETE\",\"path\":\"/boards/f26cf98f-fd01-43a6-b7d2-a12200c962b0\",\"body\":{},\"query\":{}}","stackTrace":""}
{"date":"2020-10-19T15:26:13.264Z","level":"info","errorCode":"","message":"{\"method\":\"GET\",\"path\":\"/boards/42d7a4c9-cc57-4eff-abb5-81644803f192/tasks/5159af33-0efa-4a7d-8cb0-00a03e4ae9ad\",\"body\":{},\"query\":{}}","stackTrace":""}
{"date":"2020-10-19T15:26:13.269Z","level":"info","errorCode":"","message":"{\"method\":\"POST\",\"path\":\"/boards\",\"body\":{\"title\":\"Autotest board\",\"columns\":[{\"title\":\"Backlog\",\"order\":1},{\"title\":\"Sprint\",\"order\":2}]},\"query\":{}}","stackTrace":""}
{"date":"2020-10-19T15:26:13.277Z","level":"info","errorCode":"","message":"{\"method\":\"DELETE\",\"path\":\"/boards/42d7a4c9-cc57-4eff-abb5-81644803f192/tasks/5159af33-0efa-4a7d-8cb0-00a03e4ae9ad\",\"body\":{},\"query\":{}}","stackTrace":""}
{"date":"2020-10-19T15:26:13.280Z","level":"info","errorCode":"","message":"{\"method\":\"POST\",\"path\":\"/users\",\"body\":{\"name\":\"TEST_USER\",\"login\":\"test_user\",\"password\":\"T35t_P@55w0rd\"},\"query\":{}}","stackTrace":""}
{"date":"2020-10-19T15:26:13.285Z","level":"info","errorCode":"","message":"{\"method\":\"DELETE\",\"path\":\"/boards/accc1387-a5de-4718-bf62-1eb3e29499b7\",\"body\":{},\"query\":{}}","stackTrace":""}
{"date":"2020-10-19T15:26:13.288Z","level":"info","errorCode":"","message":"{\"method\":\"GET\",\"path\":\"/boards/42d7a4c9-cc57-4eff-abb5-81644803f192/tasks/5159af33-0efa-4a7d-8cb0-00a03e4ae9ad\",\"body\":{},\"query\":{}}","stackTrace":""}
{"date":"2020-10-19T15:26:13.293Z","level":"info","errorCode":"","message":"{\"method\":\"GET\",\"path\":\"/users/8872f716-8504-40b3-bba5-d37757037761\",\"body\":{},\"query\":{}}","stackTrace":""}
{"date":"2020-10-19T15:26:13.296Z","level":"info","errorCode":"","message":"{\"method\":\"GET\",\"path\":\"/boards/accc1387-a5de-4718-bf62-1eb3e29499b7\",\"body\":{},\"query\":{}}","stackTrace":""}
{"date":"2020-10-19T15:26:13.300Z","level":"info","errorCode":"","message":"{\"method\":\"DELETE\",\"path\":\"/boards/42d7a4c9-cc57-4eff-abb5-81644803f192\",\"body\":{},\"query\":{}}","stackTrace":""}
{"date":"2020-10-19T15:26:13.303Z","level":"info","errorCode":"","message":"{\"method\":\"DELETE\",\"path\":\"/users/8872f716-8504-40b3-bba5-d37757037761\",\"body\":{},\"query\":{}}","stackTrace":""}
{"date":"2020-10-19T15:26:13.307Z","level":"info","errorCode":"","message":"{\"method\":\"POST\",\"path\":\"/boards\",\"body\":{\"title\":\"Autotest board\",\"columns\":[{\"title\":\"Backlog\",\"order\":1},{\"title\":\"Sprint\",\"order\":2}]},\"query\":{}}","stackTrace":""}
{"date":"2020-10-19T15:26:13.317Z","level":"info","errorCode":"","message":"{\"method\":\"POST\",\"path\":\"/users\",\"body\":{\"name\":\"TEST_USER\",\"login\":\"test_user\",\"password\":\"T35t_P@55w0rd\"},\"query\":{}}","stackTrace":""}
{"date":"2020-10-19T15:26:13.323Z","level":"info","errorCode":"","message":"{\"method\":\"POST\",\"path\":\"/boards/f9c4b29a-0039-4ae3-bbf1-da222cc15c86/tasks\",\"body\":{\"title\":\"Task #1\",\"order\":1,\"description\":\"Lorem ipsum\",\"boardId\":\"f9c4b29a-0039-4ae3-bbf1-da222cc15c86\",\"userId\":null,\"columnId\":null},\"query\":{}}","stackTrace":""}
{"date":"2020-10-19T15:26:13.332Z","level":"info","errorCode":"","message":"{\"method\":\"POST\",\"path\":\"/boards/f9c4b29a-0039-4ae3-bbf1-da222cc15c86/tasks\",\"body\":{\"title\":\"Task #2\",\"order\":2,\"description\":\"Lorem ipsum\",\"boardId\":\"f9c4b29a-0039-4ae3-bbf1-da222cc15c86\",\"userId\":null,\"columnId\":null},\"query\":{}}","stackTrace":""}
{"date":"2020-10-19T15:26:13.336Z","level":"info","errorCode":"","message":"{\"method\":\"POST\",\"path\":\"/boards/f9c4b29a-0039-4ae3-bbf1-da222cc15c86/tasks\",\"body\":{\"title\":\"Task #3\",\"order\":3,\"description\":\"Lorem ipsum\",\"boardId\":\"f9c4b29a-0039-4ae3-bbf1-da222cc15c86\",\"userId\":null,\"columnId\":null},\"query\":{}}","stackTrace":""}
{"date":"2020-10-19T15:26:13.339Z","level":"info","errorCode":"","message":"{\"method\":\"POST\",\"path\":\"/boards/f9c4b29a-0039-4ae3-bbf1-da222cc15c86/tasks\",\"body\":{\"title\":\"Task #4\",\"order\":4,\"description\":\"Lorem ipsum\",\"boardId\":\"f9c4b29a-0039-4ae3-bbf1-da222cc15c86\",\"userId\":null,\"columnId\":null},\"query\":{}}","stackTrace":""}
{"date":"2020-10-19T15:26:13.343Z","level":"info","errorCode":"","message":"{\"method\":\"POST\",\"path\":\"/boards/f9c4b29a-0039-4ae3-bbf1-da222cc15c86/tasks\",\"body\":{\"title\":\"Task #5\",\"order\":5,\"description\":\"Lorem ipsum\",\"boardId\":\"f9c4b29a-0039-4ae3-bbf1-da222cc15c86\",\"userId\":null,\"columnId\":null},\"query\":{}}","stackTrace":""}
{"date":"2020-10-19T15:26:13.346Z","level":"info","errorCode":"","message":"{\"method\":\"DELETE\",\"path\":\"/users/daed84ae-a838-42a4-805a-83cf16c4bf36\",\"body\":{},\"query\":{}}","stackTrace":""}
{"date":"2020-10-19T15:26:13.353Z","level":"info","errorCode":"","message":"{\"method\":\"GET\",\"path\":\"/boards/f9c4b29a-0039-4ae3-bbf1-da222cc15c86/tasks/a56a7a39-4c8b-4e5b-91ee-58a97d52fe4d\",\"body\":{},\"query\":{}}","stackTrace":""}
{"date":"2020-10-19T15:26:13.357Z","level":"info","errorCode":"","message":"{\"method\":\"GET\",\"path\":\"/boards/f9c4b29a-0039-4ae3-bbf1-da222cc15c86/tasks/d193df52-da8b-49f0-a33a-11361aea2f92\",\"body\":{},\"query\":{}}","stackTrace":""}
{"date":"2020-10-19T15:26:13.363Z","level":"info","errorCode":"","message":"{\"method\":\"GET\",\"path\":\"/boards/f9c4b29a-0039-4ae3-bbf1-da222cc15c86/tasks/8ce6b6f8-1394-4052-9670-63d1474bfb4a\",\"body\":{},\"query\":{}}","stackTrace":""}
{"date":"2020-10-19T15:26:13.367Z","level":"info","errorCode":"","message":"{\"method\":\"GET\",\"path\":\"/boards/f9c4b29a-0039-4ae3-bbf1-da222cc15c86/tasks/b63ba1a2-bb8e-4ae4-9996-2dfdc4e1b9a8\",\"body\":{},\"query\":{}}","stackTrace":""}
{"date":"2020-10-19T15:26:13.371Z","level":"info","errorCode":"","message":"{\"method\":\"GET\",\"path\":\"/boards/f9c4b29a-0039-4ae3-bbf1-da222cc15c86/tasks/9cb5cbeb-32dc-4525-b123-ca822015559f\",\"body\":{},\"query\":{}}","stackTrace":""}
{"date":"2020-10-19T15:26:13.374Z","level":"info","errorCode":"","message":"{\"method\":\"POST\",\"path\":\"/users\",\"body\":{\"name\":\"TEST_USER\",\"login\":\"test_user\",\"password\":\"T35t_P@55w0rd\"},\"query\":{}}","stackTrace":""}
{"date":"2020-10-19T15:26:13.378Z","level":"info","errorCode":"","message":"{\"method\":\"DELETE\",\"path\":\"/boards/f9c4b29a-0039-4ae3-bbf1-da222cc15c86\",\"body\":{},\"query\":{}}","stackTrace":""}
{"date":"2020-10-19T15:26:13.382Z","level":"info","errorCode":"","message":"{\"method\":\"PUT\",\"path\":\"/users/296877ce-5075-4399-8e8b-f8bc937c76a4\",\"body\":{\"name\":\"Autotest updated TEST_USER\",\"login\":\"test_user\",\"password\":\"T35t_P@55w0rd\",\"id\":\"296877ce-5075-4399-8e8b-f8bc937c76a4\"},\"query\":{}}","stackTrace":""}
{"date":"2020-10-19T15:26:13.388Z","level":"info","errorCode":"","message":"{\"method\":\"GET\",\"path\":\"/boards/f9c4b29a-0039-4ae3-bbf1-da222cc15c86/tasks/a56a7a39-4c8b-4e5b-91ee-58a97d52fe4d\",\"body\":{},\"query\":{}}","stackTrace":""}
{"date":"2020-10-19T15:26:13.392Z","level":"info","errorCode":"","message":"{\"method\":\"GET\",\"path\":\"/boards/f9c4b29a-0039-4ae3-bbf1-da222cc15c86/tasks/d193df52-da8b-49f0-a33a-11361aea2f92\",\"body\":{},\"query\":{}}","stackTrace":""}
{"date":"2020-10-19T15:26:13.396Z","level":"info","errorCode":"","message":"{\"method\":\"GET\",\"path\":\"/boards/f9c4b29a-0039-4ae3-bbf1-da222cc15c86/tasks/8ce6b6f8-1394-4052-9670-63d1474bfb4a\",\"body\":{},\"query\":{}}","stackTrace":""}
{"date":"2020-10-19T15:26:13.399Z","level":"info","errorCode":"","message":"{\"method\":\"GET\",\"path\":\"/boards/f9c4b29a-0039-4ae3-bbf1-da222cc15c86/tasks/b63ba1a2-bb8e-4ae4-9996-2dfdc4e1b9a8\",\"body\":{},\"query\":{}}","stackTrace":""}
{"date":"2020-10-19T15:26:13.401Z","level":"info","errorCode":"","message":"{\"method\":\"GET\",\"path\":\"/boards/f9c4b29a-0039-4ae3-bbf1-da222cc15c86/tasks/9cb5cbeb-32dc-4525-b123-ca822015559f\",\"body\":{},\"query\":{}}","stackTrace":""}
{"date":"2020-10-19T15:26:13.405Z","level":"info","errorCode":"","message":"{\"method\":\"GET\",\"path\":\"/users/296877ce-5075-4399-8e8b-f8bc937c76a4\",\"body\":{},\"query\":{}}","stackTrace":""}
{"date":"2020-10-19T15:26:13.408Z","level":"info","errorCode":"","message":"{\"method\":\"DELETE\",\"path\":\"/boards/e21f82fb-4754-4064-9f8d-1d1023bb73e1\",\"body\":{},\"query\":{}}","stackTrace":""}
{"date":"2020-10-19T15:26:13.412Z","level":"info","errorCode":"","message":"{\"method\":\"DELETE\",\"path\":\"/users/296877ce-5075-4399-8e8b-f8bc937c76a4\",\"body\":{},\"query\":{}}","stackTrace":""}
{"date":"2020-10-19T15:26:13.422Z","level":"info","errorCode":"","message":"{\"method\":\"POST\",\"path\":\"/users\",\"body\":{\"name\":\"TEST_USER\",\"login\":\"test_user\",\"password\":\"T35t_P@55w0rd\"},\"query\":{}}","stackTrace":""}
{"date":"2020-10-19T15:26:13.427Z","level":"info","errorCode":"","message":"{\"method\":\"DELETE\",\"path\":\"/users/1ec1542f-5778-4713-9f98-98551167dfea\",\"body\":{},\"query\":{}}","stackTrace":""}
{"date":"2020-10-19T15:26:13.433Z","level":"info","errorCode":"","message":"{\"method\":\"POST\",\"path\":\"/users\",\"body\":{\"name\":\"TEST_USER\",\"login\":\"test_user\",\"password\":\"T35t_P@55w0rd\"},\"query\":{}}","stackTrace":""}
{"date":"2020-10-19T15:26:13.438Z","level":"info","errorCode":"","message":"{\"method\":\"POST\",\"path\":\"/boards\",\"body\":{\"title\":\"Autotest board\",\"columns\":[{\"title\":\"Backlog\",\"order\":1},{\"title\":\"Sprint\",\"order\":2}]},\"query\":{}}","stackTrace":""}
{"date":"2020-10-19T15:26:13.443Z","level":"info","errorCode":"","message":"{\"method\":\"POST\",\"path\":\"/boards/ba6406d6-e706-4f15-9256-3f6cf738df56/tasks\",\"body\":{\"title\":\"Task #1\",\"order\":1,\"description\":\"Lorem ipsum\",\"userId\":\"d31ee2d7-4e70-47e2-b4ac-8b1f324b19bf\",\"boardId\":\"ba6406d6-e706-4f15-9256-3f6cf738df56\"},\"query\":{}}","stackTrace":""}
{"date":"2020-10-19T15:26:13.446Z","level":"info","errorCode":"","message":"{\"method\":\"POST\",\"path\":\"/boards/ba6406d6-e706-4f15-9256-3f6cf738df56/tasks\",\"body\":{\"title\":\"Task #2\",\"order\":2,\"description\":\"Lorem ipsum\",\"userId\":\"d31ee2d7-4e70-47e2-b4ac-8b1f324b19bf\",\"boardId\":\"ba6406d6-e706-4f15-9256-3f6cf738df56\"},\"query\":{}}","stackTrace":""}
{"date":"2020-10-19T15:26:13.450Z","level":"info","errorCode":"","message":"{\"method\":\"DELETE\",\"path\":\"/users/d31ee2d7-4e70-47e2-b4ac-8b1f324b19bf\",\"body\":{},\"query\":{}}","stackTrace":""}
{"date":"2020-10-19T15:26:13.455Z","level":"info","errorCode":"","message":"{\"method\":\"GET\",\"path\":\"/boards/ba6406d6-e706-4f15-9256-3f6cf738df56/tasks/d91fbfed-7c8f-4524-ba93-83092fea6d3a\",\"body\":{},\"query\":{}}","stackTrace":""}
{"date":"2020-10-19T15:26:13.460Z","level":"info","errorCode":"","message":"{\"method\":\"GET\",\"path\":\"/boards/ba6406d6-e706-4f15-9256-3f6cf738df56/tasks/de81aea1-b415-46e2-a63b-c03ec9eaaa5b\",\"body\":{},\"query\":{}}","stackTrace":""}
{"date":"2020-10-19T15:26:13.466Z","level":"info","errorCode":"","message":"{\"method\":\"DELETE\",\"path\":\"/boards/ba6406d6-e706-4f15-9256-3f6cf738df56/tasks/d91fbfed-7c8f-4524-ba93-83092fea6d3a\",\"body\":{},\"query\":{}}","stackTrace":""}
{"date":"2020-10-19T15:26:13.469Z","level":"info","errorCode":"","message":"{\"method\":\"DELETE\",\"path\":\"/boards/ba6406d6-e706-4f15-9256-3f6cf738df56/tasks/de81aea1-b415-46e2-a63b-c03ec9eaaa5b\",\"body\":{},\"query\":{}}","stackTrace":""}
{"date":"2020-10-19T15:26:13.476Z","level":"info","errorCode":"","message":"{\"method\":\"DELETE\",\"path\":\"/boards/ba6406d6-e706-4f15-9256-3f6cf738df56\",\"body\":{},\"query\":{}}","stackTrace":""}
{"date":"2020-10-19T15:28:07.044Z","level":"info","errorCode":"","message":"{\"method\":\"POST\",\"path\":\"/boards\",\"body\":{\"title\":\"Autotest board\",\"columns\":[{\"title\":\"Backlog\",\"order\":1},{\"title\":\"Sprint\",\"order\":2}]},\"query\":{}}","stackTrace":""}
{"date":"2020-10-19T15:28:07.055Z","level":"info","errorCode":"","message":"{\"method\":\"POST\",\"path\":\"/boards\",\"body\":{\"title\":\"Autotest board\",\"columns\":[{\"title\":\"Backlog\",\"order\":1},{\"title\":\"Sprint\",\"order\":2}]},\"query\":{}}","stackTrace":""}
{"date":"2020-10-19T15:28:07.060Z","level":"info","errorCode":"","message":"{\"method\":\"GET\",\"path\":\"/users\",\"body\":{},\"query\":{}}","stackTrace":""}
{"date":"2020-10-19T15:28:07.067Z","level":"info","errorCode":"","message":"{\"method\":\"POST\",\"path\":\"/boards/39f9870e-e771-4f18-87c8-df8d4d5f263b/tasks\",\"body\":{\"title\":\"Autotest task\",\"order\":0,\"description\":\"Lorem ipsum\",\"userId\":null,\"boardId\":null,\"columnId\":null},\"query\":{}}","stackTrace":""}
{"date":"2020-10-19T15:28:07.075Z","level":"info","errorCode":"","message":"{\"method\":\"GET\",\"path\":\"/boards\",\"body\":{},\"query\":{}}","stackTrace":""}
{"date":"2020-10-19T15:28:07.085Z","level":"info","errorCode":"","message":"{\"method\":\"POST\",\"path\":\"/users\",\"body\":{\"name\":\"TEST_USER\",\"login\":\"test_user\",\"password\":\"T35t_P@55w0rd\"},\"query\":{}}","stackTrace":""}
{"date":"2020-10-19T15:28:07.097Z","level":"info","errorCode":"","message":"{\"method\":\"GET\",\"path\":\"/boards/39f9870e-e771-4f18-87c8-df8d4d5f263b/tasks\",\"body\":{},\"query\":{}}","stackTrace":""}
{"date":"2020-10-19T15:28:07.102Z","level":"info","errorCode":"","message":"{\"method\":\"GET\",\"path\":\"/boards\",\"body\":{},\"query\":{}}","stackTrace":""}
{"date":"2020-10-19T15:28:07.107Z","level":"info","errorCode":"","message":"{\"method\":\"GET\",\"path\":\"/users/38a211ec-0258-4f88-96f4-fde07c63f001\",\"body\":{},\"query\":{}}","stackTrace":""}
{"date":"2020-10-19T15:28:07.116Z","level":"info","errorCode":"","message":"{\"method\":\"GET\",\"path\":\"/boards/39f9870e-e771-4f18-87c8-df8d4d5f263b\",\"body\":{},\"query\":{}}","stackTrace":""}
{"date":"2020-10-19T15:28:07.121Z","level":"info","errorCode":"","message":"{\"method\":\"GET\",\"path\":\"/boards/39f9870e-e771-4f18-87c8-df8d4d5f263b/tasks\",\"body\":{},\"query\":{}}","stackTrace":""}
{"date":"2020-10-19T15:28:07.128Z","level":"info","errorCode":"","message":"{\"method\":\"DELETE\",\"path\":\"/users/38a211ec-0258-4f88-96f4-fde07c63f001\",\"body\":{},\"query\":{}}","stackTrace":""}
{"date":"2020-10-19T15:28:07.132Z","level":"info","errorCode":"","message":"{\"method\":\"POST\",\"path\":\"/boards\",\"body\":{\"title\":\"Autotest board\",\"columns\":[{\"title\":\"Backlog\",\"order\":1},{\"title\":\"Sprint\",\"order\":2}]},\"query\":{}}","stackTrace":""}
{"date":"2020-10-19T15:28:07.137Z","level":"info","errorCode":"","message":"{\"method\":\"GET\",\"path\":\"/boards/39f9870e-e771-4f18-87c8-df8d4d5f263b/tasks/45d46036-770c-4626-8994-63a1927c4c82\",\"body\":{},\"query\":{}}","stackTrace":""}
{"date":"2020-10-19T15:28:07.143Z","level":"info","errorCode":"","message":"{\"method\":\"POST\",\"path\":\"/users\",\"body\":{\"name\":\"TEST_USER\",\"login\":\"test_user\",\"password\":\"T35t_P@55w0rd\"},\"query\":{}}","stackTrace":""}
{"date":"2020-10-19T15:28:07.149Z","level":"info","errorCode":"","message":"{\"method\":\"DELETE\",\"path\":\"/boards/6a005017-3d55-4fe1-b414-8f313d996cf2\",\"body\":{},\"query\":{}}","stackTrace":""}
{"date":"2020-10-19T15:28:07.154Z","level":"info","errorCode":"","message":"{\"method\":\"POST\",\"path\":\"/boards/39f9870e-e771-4f18-87c8-df8d4d5f263b/tasks\",\"body\":{\"title\":\"Autotest task\",\"order\":0,\"description\":\"Lorem ipsum\",\"userId\":null,\"boardId\":null,\"columnId\":null},\"query\":{}}","stackTrace":""}
{"date":"2020-10-19T15:28:07.157Z","level":"info","errorCode":"","message":"{\"method\":\"DELETE\",\"path\":\"/users/7b9ca6c8-3cee-43d4-8186-c0afc0e6b8e7\",\"body\":{},\"query\":{}}","stackTrace":""}
{"date":"2020-10-19T15:28:07.162Z","level":"info","errorCode":"","message":"{\"method\":\"POST\",\"path\":\"/boards\",\"body\":{\"title\":\"Autotest board\",\"columns\":[{\"title\":\"Backlog\",\"order\":1},{\"title\":\"Sprint\",\"order\":2}]},\"query\":{}}","stackTrace":""}
{"date":"2020-10-19T15:28:07.165Z","level":"info","errorCode":"","message":"{\"method\":\"DELETE\",\"path\":\"/boards/39f9870e-e771-4f18-87c8-df8d4d5f263b/tasks/d2a6f560-a75c-497e-8615-fe20cfc397af\",\"body\":{},\"query\":{}}","stackTrace":""}
{"date":"2020-10-19T15:28:07.169Z","level":"info","errorCode":"","message":"{\"method\":\"POST\",\"path\":\"/users\",\"body\":{\"name\":\"TEST_USER\",\"login\":\"test_user\",\"password\":\"T35t_P@55w0rd\"},\"query\":{}}","stackTrace":""}
{"date":"2020-10-19T15:28:07.173Z","level":"info","errorCode":"","message":"{\"method\":\"PUT\",\"path\":\"/boards/0f147b23-7f1b-4f90-98da-f5ae3678de3a\",\"body\":{\"id\":\"0f147b23-7f1b-4f90-98da-f5ae3678de3a\",\"title\":\"Autotest updated board\",\"columns\":[{\"title\":\"Backlog\",\"order\":1},{\"title\":\"Sprint\",\"order\":2}]},\"query\":{}}","stackTrace":""}
{"date":"2020-10-19T15:28:07.177Z","level":"info","errorCode":"","message":"{\"method\":\"POST\",\"path\":\"/boards/39f9870e-e771-4f18-87c8-df8d4d5f263b/tasks\",\"body\":{\"title\":\"Autotest task\",\"order\":0,\"description\":\"Lorem ipsum\",\"userId\":null,\"boardId\":null,\"columnId\":null},\"query\":{}}","stackTrace":""}
{"date":"2020-10-19T15:28:07.181Z","level":"info","errorCode":"","message":"{\"method\":\"PUT\",\"path\":\"/users/38e32be4-8188-4f9d-91b6-be76da484391\",\"body\":{\"name\":\"Autotest updated TEST_USER\",\"login\":\"test_user\",\"password\":\"T35t_P@55w0rd\",\"id\":\"38e32be4-8188-4f9d-91b6-be76da484391\"},\"query\":{}}","stackTrace":""}
{"date":"2020-10-19T15:28:07.184Z","level":"info","errorCode":"","message":"{\"method\":\"GET\",\"path\":\"/boards/0f147b23-7f1b-4f90-98da-f5ae3678de3a\",\"body\":{},\"query\":{}}","stackTrace":""}
{"date":"2020-10-19T15:28:07.190Z","level":"info","errorCode":"","message":"{\"method\":\"PUT\",\"path\":\"/boards/39f9870e-e771-4f18-87c8-df8d4d5f263b/tasks/fa175035-83b9-4517-9753-7db93e6de2f1\",\"body\":{\"id\":\"fa175035-83b9-4517-9753-7db93e6de2f1\",\"title\":\"Autotest updated task\",\"order\":0,\"description\":\"Lorem ipsum\",\"userId\":null,\"boardId\":\"39f9870e-e771-4f18-87c8-df8d4d5f263b\",\"columnId\":null},\"query\":{}}","stackTrace":""}
{"date":"2020-10-19T15:28:07.193Z","level":"info","errorCode":"","message":"{\"method\":\"GET\",\"path\":\"/users/38e32be4-8188-4f9d-91b6-be76da484391\",\"body\":{},\"query\":{}}","stackTrace":""}
{"date":"2020-10-19T15:28:07.196Z","level":"info","errorCode":"","message":"{\"method\":\"DELETE\",\"path\":\"/boards/0f147b23-7f1b-4f90-98da-f5ae3678de3a\",\"body\":{},\"query\":{}}","stackTrace":""}
{"date":"2020-10-19T15:28:07.199Z","level":"info","errorCode":"","message":"{\"method\":\"GET\",\"path\":\"/boards/39f9870e-e771-4f18-87c8-df8d4d5f263b/tasks/fa175035-83b9-4517-9753-7db93e6de2f1\",\"body\":{},\"query\":{}}","stackTrace":""}
{"date":"2020-10-19T15:28:07.203Z","level":"info","errorCode":"","message":"{\"method\":\"DELETE\",\"path\":\"/users/38e32be4-8188-4f9d-91b6-be76da484391\",\"body\":{},\"query\":{}}","stackTrace":""}
{"date":"2020-10-19T15:28:07.206Z","level":"info","errorCode":"","message":"{\"method\":\"POST\",\"path\":\"/boards\",\"body\":{\"title\":\"Autotest board\",\"columns\":[{\"title\":\"Backlog\",\"order\":1},{\"title\":\"Sprint\",\"order\":2}]},\"query\":{}}","stackTrace":""}
{"date":"2020-10-19T15:28:07.210Z","level":"info","errorCode":"","message":"{\"method\":\"GET\",\"path\":\"/boards/39f9870e-e771-4f18-87c8-df8d4d5f263b/tasks/45d46036-770c-4626-8994-63a1927c4c82\",\"body\":{},\"query\":{}}","stackTrace":""}
{"date":"2020-10-19T15:28:07.213Z","level":"info","errorCode":"","message":"{\"method\":\"POST\",\"path\":\"/users\",\"body\":{\"name\":\"TEST_USER\",\"login\":\"test_user\",\"password\":\"T35t_P@55w0rd\"},\"query\":{}}","stackTrace":""}
{"date":"2020-10-19T15:28:07.217Z","level":"info","errorCode":"","message":"{\"method\":\"DELETE\",\"path\":\"/boards/b363ab30-bf6d-4e67-843b-690be0f9573e\",\"body\":{},\"query\":{}}","stackTrace":""}
{"date":"2020-10-19T15:28:07.220Z","level":"info","errorCode":"","message":"{\"method\":\"DELETE\",\"path\":\"/boards/39f9870e-e771-4f18-87c8-df8d4d5f263b/tasks/45d46036-770c-4626-8994-63a1927c4c82\",\"body\":{},\"query\":{}}","stackTrace":""}
{"date":"2020-10-19T15:28:07.224Z","level":"info","errorCode":"","message":"{\"method\":\"DELETE\",\"path\":\"/users/b8ea1728-f173-476f-be2a-6e70d187ee7b\",\"body\":{},\"query\":{}}","stackTrace":""}
{"date":"2020-10-19T15:28:07.226Z","level":"info","errorCode":"","message":"{\"method\":\"GET\",\"path\":\"/boards/b363ab30-bf6d-4e67-843b-690be0f9573e\",\"body\":{},\"query\":{}}","stackTrace":""}
{"date":"2020-10-19T15:28:07.230Z","level":"info","errorCode":"","message":"{\"method\":\"GET\",\"path\":\"/boards/39f9870e-e771-4f18-87c8-df8d4d5f263b/tasks/45d46036-770c-4626-8994-63a1927c4c82\",\"body\":{},\"query\":{}}","stackTrace":""}
{"date":"2020-10-19T15:28:07.234Z","level":"info","errorCode":"","message":"{\"method\":\"POST\",\"path\":\"/users\",\"body\":{\"name\":\"TEST_USER\",\"login\":\"test_user\",\"password\":\"T35t_P@55w0rd\"},\"query\":{}}","stackTrace":""}
{"date":"2020-10-19T15:28:07.240Z","level":"info","errorCode":"","message":"{\"method\":\"POST\",\"path\":\"/boards\",\"body\":{\"title\":\"Autotest board\",\"columns\":[{\"title\":\"Backlog\",\"order\":1},{\"title\":\"Sprint\",\"order\":2}]},\"query\":{}}","stackTrace":""}
{"date":"2020-10-19T15:28:07.243Z","level":"info","errorCode":"","message":"{\"method\":\"DELETE\",\"path\":\"/boards/39f9870e-e771-4f18-87c8-df8d4d5f263b\",\"body\":{},\"query\":{}}","stackTrace":""}
{"date":"2020-10-19T15:28:07.252Z","level":"info","errorCode":"","message":"{\"method\":\"POST\",\"path\":\"/boards\",\"body\":{\"title\":\"Autotest board\",\"columns\":[{\"title\":\"Backlog\",\"order\":1},{\"title\":\"Sprint\",\"order\":2}]},\"query\":{}}","stackTrace":""}
{"date":"2020-10-19T15:28:07.255Z","level":"info","errorCode":"","message":"{\"method\":\"POST\",\"path\":\"/boards/ec721012-f2bb-4967-a634-a2fbe9f0d8fe/tasks\",\"body\":{\"title\":\"Task #1\",\"order\":1,\"description\":\"Lorem ipsum\",\"boardId\":\"ec721012-f2bb-4967-a634-a2fbe9f0d8fe\",\"userId\":null,\"columnId\":null},\"query\":{}}","stackTrace":""}
{"date":"2020-10-19T15:28:07.260Z","level":"info","errorCode":"","message":"{\"method\":\"POST\",\"path\":\"/boards/ec721012-f2bb-4967-a634-a2fbe9f0d8fe/tasks\",\"body\":{\"title\":\"Task #2\",\"order\":2,\"description\":\"Lorem ipsum\",\"boardId\":\"ec721012-f2bb-4967-a634-a2fbe9f0d8fe\",\"userId\":null,\"columnId\":null},\"query\":{}}","stackTrace":""}
{"date":"2020-10-19T15:28:07.265Z","level":"info","errorCode":"","message":"{\"method\":\"POST\",\"path\":\"/boards/ec721012-f2bb-4967-a634-a2fbe9f0d8fe/tasks\",\"body\":{\"title\":\"Task #3\",\"order\":3,\"description\":\"Lorem ipsum\",\"boardId\":\"ec721012-f2bb-4967-a634-a2fbe9f0d8fe\",\"userId\":null,\"columnId\":null},\"query\":{}}","stackTrace":""}
{"date":"2020-10-19T15:28:07.268Z","level":"info","errorCode":"","message":"{\"method\":\"POST\",\"path\":\"/boards/ec721012-f2bb-4967-a634-a2fbe9f0d8fe/tasks\",\"body\":{\"title\":\"Task #4\",\"order\":4,\"description\":\"Lorem ipsum\",\"boardId\":\"ec721012-f2bb-4967-a634-a2fbe9f0d8fe\",\"userId\":null,\"columnId\":null},\"query\":{}}","stackTrace":""}
{"date":"2020-10-19T15:28:07.271Z","level":"info","errorCode":"","message":"{\"method\":\"POST\",\"path\":\"/boards/ec721012-f2bb-4967-a634-a2fbe9f0d8fe/tasks\",\"body\":{\"title\":\"Task #5\",\"order\":5,\"description\":\"Lorem ipsum\",\"boardId\":\"ec721012-f2bb-4967-a634-a2fbe9f0d8fe\",\"userId\":null,\"columnId\":null},\"query\":{}}","stackTrace":""}
{"date":"2020-10-19T15:28:07.275Z","level":"info","errorCode":"","message":"{\"method\":\"POST\",\"path\":\"/boards/f549d156-7dd7-4838-91b7-1884dad83466/tasks\",\"body\":{\"title\":\"Task #1\",\"order\":1,\"description\":\"Lorem ipsum\",\"userId\":\"42d54b95-b2c4-4cc3-be3a-8a6371c3a9d0\",\"boardId\":\"f549d156-7dd7-4838-91b7-1884dad83466\"},\"query\":{}}","stackTrace":""}
{"date":"2020-10-19T15:28:07.281Z","level":"info","errorCode":"","message":"{\"method\":\"POST\",\"path\":\"/boards/f549d156-7dd7-4838-91b7-1884dad83466/tasks\",\"body\":{\"title\":\"Task #2\",\"order\":2,\"description\":\"Lorem ipsum\",\"userId\":\"42d54b95-b2c4-4cc3-be3a-8a6371c3a9d0\",\"boardId\":\"f549d156-7dd7-4838-91b7-1884dad83466\"},\"query\":{}}","stackTrace":""}
{"date":"2020-10-19T15:28:07.285Z","level":"info","errorCode":"","message":"{\"method\":\"GET\",\"path\":\"/boards/ec721012-f2bb-4967-a634-a2fbe9f0d8fe/tasks/778fba49-6474-484c-8d8b-3a90731c9e8e\",\"body\":{},\"query\":{}}","stackTrace":""}
{"date":"2020-10-19T15:28:07.292Z","level":"info","errorCode":"","message":"{\"method\":\"GET\",\"path\":\"/boards/ec721012-f2bb-4967-a634-a2fbe9f0d8fe/tasks/7a8b1aea-c79f-4ddd-8407-5a204fd9e7c2\",\"body\":{},\"query\":{}}","stackTrace":""}
{"date":"2020-10-19T15:28:07.297Z","level":"info","errorCode":"","message":"{\"method\":\"GET\",\"path\":\"/boards/ec721012-f2bb-4967-a634-a2fbe9f0d8fe/tasks/41273a3a-9f03-40a8-b36d-f40cf6711b20\",\"body\":{},\"query\":{}}","stackTrace":""}
{"date":"2020-10-19T15:28:07.303Z","level":"info","errorCode":"","message":"{\"method\":\"GET\",\"path\":\"/boards/ec721012-f2bb-4967-a634-a2fbe9f0d8fe/tasks/eb75e5c3-e2d5-4693-90a8-3bc1235e4e2e\",\"body\":{},\"query\":{}}","stackTrace":""}
{"date":"2020-10-19T15:28:07.306Z","level":"info","errorCode":"","message":"{\"method\":\"GET\",\"path\":\"/boards/ec721012-f2bb-4967-a634-a2fbe9f0d8fe/tasks/31230833-694d-4754-ba33-b610404a7731\",\"body\":{},\"query\":{}}","stackTrace":""}
{"date":"2020-10-19T15:28:07.312Z","level":"info","errorCode":"","message":"{\"method\":\"DELETE\",\"path\":\"/users/42d54b95-b2c4-4cc3-be3a-8a6371c3a9d0\",\"body\":{},\"query\":{}}","stackTrace":""}
{"date":"2020-10-19T15:28:07.326Z","level":"info","errorCode":"","message":"{\"method\":\"DELETE\",\"path\":\"/boards/ec721012-f2bb-4967-a634-a2fbe9f0d8fe\",\"body\":{},\"query\":{}}","stackTrace":""}
{"date":"2020-10-19T15:28:07.330Z","level":"info","errorCode":"","message":"{\"method\":\"GET\",\"path\":\"/boards/f549d156-7dd7-4838-91b7-1884dad83466/tasks/59d679c3-ffd5-488b-a3f8-f20a0f4ce639\",\"body\":{},\"query\":{}}","stackTrace":""}
{"date":"2020-10-19T15:28:07.337Z","level":"info","errorCode":"","message":"{\"method\":\"GET\",\"path\":\"/boards/ec721012-f2bb-4967-a634-a2fbe9f0d8fe/tasks/778fba49-6474-484c-8d8b-3a90731c9e8e\",\"body\":{},\"query\":{}}","stackTrace":""}
{"date":"2020-10-19T15:28:07.340Z","level":"info","errorCode":"","message":"{\"method\":\"GET\",\"path\":\"/boards/ec721012-f2bb-4967-a634-a2fbe9f0d8fe/tasks/7a8b1aea-c79f-4ddd-8407-5a204fd9e7c2\",\"body\":{},\"query\":{}}","stackTrace":""}
{"date":"2020-10-19T15:28:07.344Z","level":"info","errorCode":"","message":"{\"method\":\"GET\",\"path\":\"/boards/ec721012-f2bb-4967-a634-a2fbe9f0d8fe/tasks/41273a3a-9f03-40a8-b36d-f40cf6711b20\",\"body\":{},\"query\":{}}","stackTrace":""}
{"date":"2020-10-19T15:28:07.348Z","level":"info","errorCode":"","message":"{\"method\":\"GET\",\"path\":\"/boards/ec721012-f2bb-4967-a634-a2fbe9f0d8fe/tasks/eb75e5c3-e2d5-4693-90a8-3bc1235e4e2e\",\"body\":{},\"query\":{}}","stackTrace":""}
{"date":"2020-10-19T15:28:07.351Z","level":"info","errorCode":"","message":"{\"method\":\"GET\",\"path\":\"/boards/ec721012-f2bb-4967-a634-a2fbe9f0d8fe/tasks/31230833-694d-4754-ba33-b610404a7731\",\"body\":{},\"query\":{}}","stackTrace":""}
{"date":"2020-10-19T15:28:07.355Z","level":"info","errorCode":"","message":"{\"method\":\"GET\",\"path\":\"/boards/f549d156-7dd7-4838-91b7-1884dad83466/tasks/4151f31b-c8b9-4ab8-b9d2-3a2cc5399e66\",\"body\":{},\"query\":{}}","stackTrace":""}
{"date":"2020-10-19T15:28:07.358Z","level":"info","errorCode":"","message":"{\"method\":\"DELETE\",\"path\":\"/boards/4bd4faee-7f95-46c2-aedb-d59390ada9a4\",\"body\":{},\"query\":{}}","stackTrace":""}
{"date":"2020-10-19T15:28:07.362Z","level":"info","errorCode":"","message":"{\"method\":\"DELETE\",\"path\":\"/boards/f549d156-7dd7-4838-91b7-1884dad83466/tasks/59d679c3-ffd5-488b-a3f8-f20a0f4ce639\",\"body\":{},\"query\":{}}","stackTrace":""}
{"date":"2020-10-19T15:28:07.372Z","level":"info","errorCode":"","message":"{\"method\":\"DELETE\",\"path\":\"/boards/f549d156-7dd7-4838-91b7-1884dad83466/tasks/4151f31b-c8b9-4ab8-b9d2-3a2cc5399e66\",\"body\":{},\"query\":{}}","stackTrace":""}
{"date":"2020-10-19T15:28:07.379Z","level":"info","errorCode":"","message":"{\"method\":\"DELETE\",\"path\":\"/boards/f549d156-7dd7-4838-91b7-1884dad83466\",\"body\":{},\"query\":{}}","stackTrace":""}
{"date":"2020-10-19T15:54:25.484Z","level":"info","errorCode":"","message":"{\"method\":\"POST\",\"path\":\"/boards\",\"body\":{\"title\":\"Autotest board\",\"columns\":[{\"title\":\"Backlog\",\"order\":1},{\"title\":\"Sprint\",\"order\":2}]},\"query\":{}}","stackTrace":""}
{"date":"2020-10-19T15:54:25.502Z","level":"info","errorCode":"","message":"{\"method\":\"POST\",\"path\":\"/boards\",\"body\":{\"title\":\"Autotest board\",\"columns\":[{\"title\":\"Backlog\",\"order\":1},{\"title\":\"Sprint\",\"order\":2}]},\"query\":{}}","stackTrace":""}
{"date":"2020-10-19T15:54:25.510Z","level":"info","errorCode":"","message":"{\"method\":\"GET\",\"path\":\"/users\",\"body\":{},\"query\":{}}","stackTrace":""}
{"date":"2020-10-19T15:54:25.522Z","level":"info","errorCode":"","message":"{\"method\":\"GET\",\"path\":\"/boards\",\"body\":{},\"query\":{}}","stackTrace":""}
{"date":"2020-10-19T15:54:25.538Z","level":"info","errorCode":"","message":"{\"method\":\"POST\",\"path\":\"/boards/7f2f27fe-c806-4dbb-9bb5-6d83f73dc2d8/tasks\",\"body\":{\"title\":\"Autotest task\",\"order\":0,\"description\":\"Lorem ipsum\",\"userId\":null,\"boardId\":null,\"columnId\":null},\"query\":{}}","stackTrace":""}
{"date":"2020-10-19T15:54:25.550Z","level":"info","errorCode":"","message":"{\"method\":\"POST\",\"path\":\"/users\",\"body\":{\"name\":\"TEST_USER\",\"login\":\"test_user\",\"password\":\"T35t_P@55w0rd\"},\"query\":{}}","stackTrace":""}
{"date":"2020-10-19T15:54:25.562Z","level":"info","errorCode":"","message":"{\"method\":\"GET\",\"path\":\"/boards\",\"body\":{},\"query\":{}}","stackTrace":""}
{"date":"2020-10-19T15:54:25.568Z","level":"info","errorCode":"","message":"{\"method\":\"GET\",\"path\":\"/boards/7f2f27fe-c806-4dbb-9bb5-6d83f73dc2d8/tasks\",\"body\":{},\"query\":{}}","stackTrace":""}
{"date":"2020-10-19T15:54:25.577Z","level":"info","errorCode":"","message":"{\"method\":\"GET\",\"path\":\"/users/dd316857-3d45-4151-b767-f8309df4b7a3\",\"body\":{},\"query\":{}}","stackTrace":""}
{"date":"2020-10-19T15:54:25.583Z","level":"info","errorCode":"","message":"{\"method\":\"GET\",\"path\":\"/boards/d2233456-6f9a-491e-b079-a46f1ff0fd92\",\"body\":{},\"query\":{}}","stackTrace":""}
{"date":"2020-10-19T15:54:25.590Z","level":"info","errorCode":"","message":"{\"method\":\"DELETE\",\"path\":\"/users/dd316857-3d45-4151-b767-f8309df4b7a3\",\"body\":{},\"query\":{}}","stackTrace":""}
{"date":"2020-10-19T15:54:25.600Z","level":"info","errorCode":"","message":"{\"method\":\"GET\",\"path\":\"/boards/7f2f27fe-c806-4dbb-9bb5-6d83f73dc2d8/tasks\",\"body\":{},\"query\":{}}","stackTrace":""}
{"date":"2020-10-19T15:54:25.610Z","level":"info","errorCode":"","message":"{\"method\":\"POST\",\"path\":\"/boards\",\"body\":{\"title\":\"Autotest board\",\"columns\":[{\"title\":\"Backlog\",\"order\":1},{\"title\":\"Sprint\",\"order\":2}]},\"query\":{}}","stackTrace":""}
{"date":"2020-10-19T15:54:25.617Z","level":"info","errorCode":"","message":"{\"method\":\"POST\",\"path\":\"/users\",\"body\":{\"name\":\"TEST_USER\",\"login\":\"test_user\",\"password\":\"T35t_P@55w0rd\"},\"query\":{}}","stackTrace":""}
{"date":"2020-10-19T15:54:25.623Z","level":"info","errorCode":"","message":"{\"method\":\"GET\",\"path\":\"/boards/7f2f27fe-c806-4dbb-9bb5-6d83f73dc2d8/tasks/4212beb4-7fe4-4973-bb76-6a9612078090\",\"body\":{},\"query\":{}}","stackTrace":""}
{"date":"2020-10-19T15:54:25.627Z","level":"info","errorCode":"","message":"{\"method\":\"DELETE\",\"path\":\"/boards/42d6484e-4b6c-4115-9bb4-b5e95b35746f\",\"body\":{},\"query\":{}}","stackTrace":""}
{"date":"2020-10-19T15:54:25.636Z","level":"info","errorCode":"","message":"{\"method\":\"DELETE\",\"path\":\"/users/74c28e52-45c0-4501-b2b7-886c16b25889\",\"body\":{},\"query\":{}}","stackTrace":""}
{"date":"2020-10-19T15:54:25.643Z","level":"info","errorCode":"","message":"{\"method\":\"POST\",\"path\":\"/boards/7f2f27fe-c806-4dbb-9bb5-6d83f73dc2d8/tasks\",\"body\":{\"title\":\"Autotest task\",\"order\":0,\"description\":\"Lorem ipsum\",\"userId\":null,\"boardId\":null,\"columnId\":null},\"query\":{}}","stackTrace":""}
{"date":"2020-10-19T15:54:25.650Z","level":"info","errorCode":"","message":"{\"method\":\"POST\",\"path\":\"/boards\",\"body\":{\"title\":\"Autotest board\",\"columns\":[{\"title\":\"Backlog\",\"order\":1},{\"title\":\"Sprint\",\"order\":2}]},\"query\":{}}","stackTrace":""}
{"date":"2020-10-19T15:54:25.657Z","level":"info","errorCode":"","message":"{\"method\":\"POST\",\"path\":\"/users\",\"body\":{\"name\":\"TEST_USER\",\"login\":\"test_user\",\"password\":\"T35t_P@55w0rd\"},\"query\":{}}","stackTrace":""}
{"date":"2020-10-19T15:54:25.671Z","level":"info","errorCode":"","message":"{\"method\":\"DELETE\",\"path\":\"/boards/7f2f27fe-c806-4dbb-9bb5-6d83f73dc2d8/tasks/4de29d06-fe5e-461b-a07f-018cd4835730\",\"body\":{},\"query\":{}}","stackTrace":""}
{"date":"2020-10-19T15:54:25.675Z","level":"info","errorCode":"","message":"{\"method\":\"PUT\",\"path\":\"/boards/5058b6ac-8f39-428d-869e-54a118b7a888\",\"body\":{\"id\":\"5058b6ac-8f39-428d-869e-54a118b7a888\",\"title\":\"Autotest updated board\",\"columns\":[{\"title\":\"Backlog\",\"order\":1},{\"title\":\"Sprint\",\"order\":2}]},\"query\":{}}","stackTrace":""}
{"date":"2020-10-19T15:54:25.680Z","level":"info","errorCode":"","message":"{\"method\":\"PUT\",\"path\":\"/users/d1299b01-5233-4a83-874c-76df6fb52e12\",\"body\":{\"name\":\"Autotest updated TEST_USER\",\"login\":\"test_user\",\"password\":\"T35t_P@55w0rd\",\"id\":\"d1299b01-5233-4a83-874c-76df6fb52e12\"},\"query\":{}}","stackTrace":""}
{"date":"2020-10-19T15:54:25.685Z","level":"info","errorCode":"","message":"{\"method\":\"POST\",\"path\":\"/boards/7f2f27fe-c806-4dbb-9bb5-6d83f73dc2d8/tasks\",\"body\":{\"title\":\"Autotest task\",\"order\":0,\"description\":\"Lorem ipsum\",\"userId\":null,\"boardId\":null,\"columnId\":null},\"query\":{}}","stackTrace":""}
{"date":"2020-10-19T15:54:25.689Z","level":"info","errorCode":"","message":"{\"method\":\"GET\",\"path\":\"/boards/5058b6ac-8f39-428d-869e-54a118b7a888\",\"body\":{},\"query\":{}}","stackTrace":""}
{"date":"2020-10-19T15:54:25.695Z","level":"info","errorCode":"","message":"{\"method\":\"GET\",\"path\":\"/users/d1299b01-5233-4a83-874c-76df6fb52e12\",\"body\":{},\"query\":{}}","stackTrace":""}
{"date":"2020-10-19T15:54:25.704Z","level":"info","errorCode":"","message":"{\"method\":\"PUT\",\"path\":\"/boards/7f2f27fe-c806-4dbb-9bb5-6d83f73dc2d8/tasks/b1d822e5-ee12-479d-b2e1-81331ad36287\",\"body\":{\"id\":\"b1d822e5-ee12-479d-b2e1-81331ad36287\",\"title\":\"Autotest updated task\",\"order\":0,\"description\":\"Lorem ipsum\",\"userId\":null,\"boardId\":\"7f2f27fe-c806-4dbb-9bb5-6d83f73dc2d8\",\"columnId\":null},\"query\":{}}","stackTrace":""}
{"date":"2020-10-19T15:54:25.715Z","level":"info","errorCode":"","message":"{\"method\":\"DELETE\",\"path\":\"/boards/5058b6ac-8f39-428d-869e-54a118b7a888\",\"body\":{},\"query\":{}}","stackTrace":""}
{"date":"2020-10-19T15:54:25.719Z","level":"info","errorCode":"","message":"{\"method\":\"DELETE\",\"path\":\"/users/d1299b01-5233-4a83-874c-76df6fb52e12\",\"body\":{},\"query\":{}}","stackTrace":""}
{"date":"2020-10-19T15:54:25.722Z","level":"info","errorCode":"","message":"{\"method\":\"GET\",\"path\":\"/boards/7f2f27fe-c806-4dbb-9bb5-6d83f73dc2d8/tasks/b1d822e5-ee12-479d-b2e1-81331ad36287\",\"body\":{},\"query\":{}}","stackTrace":""}
{"date":"2020-10-19T15:54:25.728Z","level":"info","errorCode":"","message":"{\"method\":\"POST\",\"path\":\"/boards\",\"body\":{\"title\":\"Autotest board\",\"columns\":[{\"title\":\"Backlog\",\"order\":1},{\"title\":\"Sprint\",\"order\":2}]},\"query\":{}}","stackTrace":""}
{"date":"2020-10-19T15:54:25.733Z","level":"info","errorCode":"","message":"{\"method\":\"POST\",\"path\":\"/users\",\"body\":{\"name\":\"TEST_USER\",\"login\":\"test_user\",\"password\":\"T35t_P@55w0rd\"},\"query\":{}}","stackTrace":""}
{"date":"2020-10-19T15:54:25.738Z","level":"info","errorCode":"","message":"{\"method\":\"GET\",\"path\":\"/boards/7f2f27fe-c806-4dbb-9bb5-6d83f73dc2d8/tasks/4212beb4-7fe4-4973-bb76-6a9612078090\",\"body\":{},\"query\":{}}","stackTrace":""}
{"date":"2020-10-19T15:54:25.742Z","level":"info","errorCode":"","message":"{\"method\":\"DELETE\",\"path\":\"/boards/668653fb-024d-4d0e-8c9a-8a136faf6b25\",\"body\":{},\"query\":{}}","stackTrace":""}
{"date":"2020-10-19T15:54:25.746Z","level":"info","errorCode":"","message":"{\"method\":\"DELETE\",\"path\":\"/users/420ed0da-3d12-408e-b7f0-6c004e84c2b1\",\"body\":{},\"query\":{}}","stackTrace":""}
{"date":"2020-10-19T15:54:25.752Z","level":"info","errorCode":"","message":"{\"method\":\"DELETE\",\"path\":\"/boards/7f2f27fe-c806-4dbb-9bb5-6d83f73dc2d8/tasks/4212beb4-7fe4-4973-bb76-6a9612078090\",\"body\":{},\"query\":{}}","stackTrace":""}
{"date":"2020-10-19T15:54:25.757Z","level":"info","errorCode":"","message":"{\"method\":\"GET\",\"path\":\"/boards/668653fb-024d-4d0e-8c9a-8a136faf6b25\",\"body\":{},\"query\":{}}","stackTrace":""}
{"date":"2020-10-19T15:54:25.761Z","level":"info","errorCode":"","message":"{\"method\":\"POST\",\"path\":\"/users\",\"body\":{\"name\":\"TEST_USER\",\"login\":\"test_user\",\"password\":\"T35t_P@55w0rd\"},\"query\":{}}","stackTrace":""}
{"date":"2020-10-19T15:54:25.766Z","level":"info","errorCode":"","message":"{\"method\":\"GET\",\"path\":\"/boards/7f2f27fe-c806-4dbb-9bb5-6d83f73dc2d8/tasks/4212beb4-7fe4-4973-bb76-6a9612078090\",\"body\":{},\"query\":{}}","stackTrace":""}
{"date":"2020-10-19T15:54:25.770Z","level":"info","errorCode":"","message":"{\"method\":\"POST\",\"path\":\"/boards\",\"body\":{\"title\":\"Autotest board\",\"columns\":[{\"title\":\"Backlog\",\"order\":1},{\"title\":\"Sprint\",\"order\":2}]},\"query\":{}}","stackTrace":""}
{"date":"2020-10-19T15:54:25.776Z","level":"info","errorCode":"","message":"{\"method\":\"POST\",\"path\":\"/boards\",\"body\":{\"title\":\"Autotest board\",\"columns\":[{\"title\":\"Backlog\",\"order\":1},{\"title\":\"Sprint\",\"order\":2}]},\"query\":{}}","stackTrace":""}
{"date":"2020-10-19T15:54:25.780Z","level":"info","errorCode":"","message":"{\"method\":\"DELETE\",\"path\":\"/boards/7f2f27fe-c806-4dbb-9bb5-6d83f73dc2d8\",\"body\":{},\"query\":{}}","stackTrace":""}
{"date":"2020-10-19T15:54:25.787Z","level":"info","errorCode":"","message":"{\"method\":\"POST\",\"path\":\"/boards/7cee4d74-ddb3-4328-8fb8-f817ef27e081/tasks\",\"body\":{\"title\":\"Task #1\",\"order\":1,\"description\":\"Lorem ipsum\",\"boardId\":\"7cee4d74-ddb3-4328-8fb8-f817ef27e081\",\"userId\":null,\"columnId\":null},\"query\":{}}","stackTrace":""}
{"date":"2020-10-19T15:54:25.792Z","level":"info","errorCode":"","message":"{\"method\":\"POST\",\"path\":\"/boards/7cee4d74-ddb3-4328-8fb8-f817ef27e081/tasks\",\"body\":{\"title\":\"Task #2\",\"order\":2,\"description\":\"Lorem ipsum\",\"boardId\":\"7cee4d74-ddb3-4328-8fb8-f817ef27e081\",\"userId\":null,\"columnId\":null},\"query\":{}}","stackTrace":""}
{"date":"2020-10-19T15:54:25.797Z","level":"info","errorCode":"","message":"{\"method\":\"POST\",\"path\":\"/boards/7cee4d74-ddb3-4328-8fb8-f817ef27e081/tasks\",\"body\":{\"title\":\"Task #3\",\"order\":3,\"description\":\"Lorem ipsum\",\"boardId\":\"7cee4d74-ddb3-4328-8fb8-f817ef27e081\",\"userId\":null,\"columnId\":null},\"query\":{}}","stackTrace":""}
{"date":"2020-10-19T15:54:25.802Z","level":"info","errorCode":"","message":"{\"method\":\"POST\",\"path\":\"/boards/7cee4d74-ddb3-4328-8fb8-f817ef27e081/tasks\",\"body\":{\"title\":\"Task #4\",\"order\":4,\"description\":\"Lorem ipsum\",\"boardId\":\"7cee4d74-ddb3-4328-8fb8-f817ef27e081\",\"userId\":null,\"columnId\":null},\"query\":{}}","stackTrace":""}
{"date":"2020-10-19T15:54:25.811Z","level":"info","errorCode":"","message":"{\"method\":\"POST\",\"path\":\"/boards/7cee4d74-ddb3-4328-8fb8-f817ef27e081/tasks\",\"body\":{\"title\":\"Task #5\",\"order\":5,\"description\":\"Lorem ipsum\",\"boardId\":\"7cee4d74-ddb3-4328-8fb8-f817ef27e081\",\"userId\":null,\"columnId\":null},\"query\":{}}","stackTrace":""}
{"date":"2020-10-19T15:54:25.816Z","level":"info","errorCode":"","message":"{\"method\":\"POST\",\"path\":\"/boards/f76c3dff-8dff-4da9-b147-52da5238ba5a/tasks\",\"body\":{\"title\":\"Task #1\",\"order\":1,\"description\":\"Lorem ipsum\",\"userId\":\"d5ace97a-45c2-41a7-8e4f-163c57ae698c\",\"boardId\":\"f76c3dff-8dff-4da9-b147-52da5238ba5a\"},\"query\":{}}","stackTrace":""}
{"date":"2020-10-19T15:54:25.824Z","level":"info","errorCode":"","message":"{\"method\":\"POST\",\"path\":\"/boards/f76c3dff-8dff-4da9-b147-52da5238ba5a/tasks\",\"body\":{\"title\":\"Task #2\",\"order\":2,\"description\":\"Lorem ipsum\",\"userId\":\"d5ace97a-45c2-41a7-8e4f-163c57ae698c\",\"boardId\":\"f76c3dff-8dff-4da9-b147-52da5238ba5a\"},\"query\":{}}","stackTrace":""}
{"date":"2020-10-19T15:54:25.831Z","level":"info","errorCode":"","message":"{\"method\":\"GET\",\"path\":\"/boards/7cee4d74-ddb3-4328-8fb8-f817ef27e081/tasks/8a1f70ee-8f65-4cdd-9eba-135065c7de5e\",\"body\":{},\"query\":{}}","stackTrace":""}
{"date":"2020-10-19T15:54:25.836Z","level":"info","errorCode":"","message":"{\"method\":\"GET\",\"path\":\"/boards/7cee4d74-ddb3-4328-8fb8-f817ef27e081/tasks/edb18838-e42b-4ec2-a72d-fc11a41b07bd\",\"body\":{},\"query\":{}}","stackTrace":""}
{"date":"2020-10-19T15:54:25.840Z","level":"info","errorCode":"","message":"{\"method\":\"GET\",\"path\":\"/boards/7cee4d74-ddb3-4328-8fb8-f817ef27e081/tasks/e4b7a479-1b24-4ca6-b65d-7f266e71b76e\",\"body\":{},\"query\":{}}","stackTrace":""}
{"date":"2020-10-19T15:54:25.845Z","level":"info","errorCode":"","message":"{\"method\":\"GET\",\"path\":\"/boards/7cee4d74-ddb3-4328-8fb8-f817ef27e081/tasks/53a4e4e8-2831-4b71-85bc-4c82e42281c5\",\"body\":{},\"query\":{}}","stackTrace":""}
{"date":"2020-10-19T15:54:25.852Z","level":"info","errorCode":"","message":"{\"method\":\"GET\",\"path\":\"/boards/7cee4d74-ddb3-4328-8fb8-f817ef27e081/tasks/e6d62f04-b39e-4d51-beef-4ed29285a000\",\"body\":{},\"query\":{}}","stackTrace":""}
{"date":"2020-10-19T15:54:25.858Z","level":"info","errorCode":"","message":"{\"method\":\"DELETE\",\"path\":\"/users/d5ace97a-45c2-41a7-8e4f-163c57ae698c\",\"body\":{},\"query\":{}}","stackTrace":""}
{"date":"2020-10-19T15:54:25.863Z","level":"info","errorCode":"","message":"{\"method\":\"DELETE\",\"path\":\"/boards/7cee4d74-ddb3-4328-8fb8-f817ef27e081\",\"body\":{},\"query\":{}}","stackTrace":""}
{"date":"2020-10-19T15:54:25.869Z","level":"info","errorCode":"","message":"{\"method\":\"GET\",\"path\":\"/boards/f76c3dff-8dff-4da9-b147-52da5238ba5a/tasks/54e7e05e-0541-4257-8088-e3e9ea8bd62b\",\"body\":{},\"query\":{}}","stackTrace":""}
{"date":"2020-10-19T15:54:25.876Z","level":"info","errorCode":"","message":"{\"method\":\"GET\",\"path\":\"/boards/7cee4d74-ddb3-4328-8fb8-f817ef27e081/tasks/8a1f70ee-8f65-4cdd-9eba-135065c7de5e\",\"body\":{},\"query\":{}}","stackTrace":""}
{"date":"2020-10-19T15:54:25.885Z","level":"info","errorCode":"","message":"{\"method\":\"GET\",\"path\":\"/boards/7cee4d74-ddb3-4328-8fb8-f817ef27e081/tasks/edb18838-e42b-4ec2-a72d-fc11a41b07bd\",\"body\":{},\"query\":{}}","stackTrace":""}
{"date":"2020-10-19T15:54:25.889Z","level":"info","errorCode":"","message":"{\"method\":\"GET\",\"path\":\"/boards/7cee4d74-ddb3-4328-8fb8-f817ef27e081/tasks/e4b7a479-1b24-4ca6-b65d-7f266e71b76e\",\"body\":{},\"query\":{}}","stackTrace":""}
{"date":"2020-10-19T15:54:25.893Z","level":"info","errorCode":"","message":"{\"method\":\"GET\",\"path\":\"/boards/7cee4d74-ddb3-4328-8fb8-f817ef27e081/tasks/e6d62f04-b39e-4d51-beef-4ed29285a000\",\"body\":{},\"query\":{}}","stackTrace":""}
{"date":"2020-10-19T15:54:25.901Z","level":"info","errorCode":"","message":"{\"method\":\"GET\",\"path\":\"/boards/7cee4d74-ddb3-4328-8fb8-f817ef27e081/tasks/53a4e4e8-2831-4b71-85bc-4c82e42281c5\",\"body\":{},\"query\":{}}","stackTrace":""}
{"date":"2020-10-19T15:54:25.905Z","level":"info","errorCode":"","message":"{\"method\":\"GET\",\"path\":\"/boards/f76c3dff-8dff-4da9-b147-52da5238ba5a/tasks/c4c0b0e8-37e2-484d-b0a2-635e8d346daf\",\"body\":{},\"query\":{}}","stackTrace":""}
{"date":"2020-10-19T15:54:25.909Z","level":"info","errorCode":"","message":"{\"method\":\"DELETE\",\"path\":\"/boards/d2233456-6f9a-491e-b079-a46f1ff0fd92\",\"body\":{},\"query\":{}}","stackTrace":""}
{"date":"2020-10-19T15:54:25.916Z","level":"info","errorCode":"","message":"{\"method\":\"DELETE\",\"path\":\"/boards/f76c3dff-8dff-4da9-b147-52da5238ba5a/tasks/54e7e05e-0541-4257-8088-e3e9ea8bd62b\",\"body\":{},\"query\":{}}","stackTrace":""}
{"date":"2020-10-19T15:54:25.923Z","level":"info","errorCode":"","message":"{\"method\":\"DELETE\",\"path\":\"/boards/f76c3dff-8dff-4da9-b147-52da5238ba5a/tasks/c4c0b0e8-37e2-484d-b0a2-635e8d346daf\",\"body\":{},\"query\":{}}","stackTrace":""}
{"date":"2020-10-19T15:54:25.931Z","level":"info","errorCode":"","message":"{\"method\":\"DELETE\",\"path\":\"/boards/f76c3dff-8dff-4da9-b147-52da5238ba5a\",\"body\":{},\"query\":{}}","stackTrace":""}
{"date":"2020-10-26T10:39:12.389Z","level":"info","errorCode":"","message":"{\"method\":\"GET\",\"path\":\"/users\",\"body\":{},\"query\":{}}","stackTrace":""}
{"date":"2020-10-26T10:39:31.149Z","level":"info","errorCode":"","message":"{\"method\":\"POST\",\"path\":\"/users\",\"body\":{\"name\":\"string\",\"login\":\"string\",\"password\":\"string\"},\"query\":{}}","stackTrace":""}
{"date":"2020-10-26T10:39:56.301Z","level":"info","errorCode":"","message":"{\"method\":\"POST\",\"path\":\"/users\",\"body\":{\"name\":\"test1\",\"login\":\"test2\",\"password\":\"test3\"},\"query\":{}}","stackTrace":""}
{"date":"2020-10-26T10:40:02.743Z","level":"info","errorCode":"","message":"{\"method\":\"GET\",\"path\":\"/users\",\"body\":{},\"query\":{}}","stackTrace":""}
{"date":"2020-10-26T10:40:21.204Z","level":"info","errorCode":"","message":"{\"method\":\"GET\",\"path\":\"/users/7dacc92d-184e-4005-9ebe-547bfe117643\",\"body\":{},\"query\":{}}","stackTrace":""}
{"date":"2020-10-26T10:40:28.463Z","level":"info","errorCode":"","message":"{\"method\":\"GET\",\"path\":\"/users/7dacc92d-184e-4005-9ebe-547bfe117\",\"body\":{},\"query\":{}}","stackTrace":""}
{"date":"2020-10-26T10:40:51.937Z","level":"info","errorCode":"","message":"{\"method\":\"PUT\",\"path\":\"/users/7dacc92d-184e-4005-9ebe-547bfe117643\",\"body\":{\"name\":\"aaa\",\"login\":\"bbbbb\",\"password\":\"ccccccccc\"},\"query\":{}}","stackTrace":""}
{"date":"2020-10-26T10:41:05.908Z","level":"info","errorCode":"","message":"{\"method\":\"GET\",\"path\":\"/users/7dacc92d-184e-4005-9ebe-547bfe117643\",\"body\":{},\"query\":{}}","stackTrace":""}
{"date":"2020-10-26T10:41:24.150Z","level":"info","errorCode":"","message":"{\"method\":\"PUT\",\"path\":\"/users/7dacc92d-184e-4005-9ebe-547bfe117643\",\"body\":{\"name\":\"aaa\",\"login\":\"bbbbb\",\"password\":\"ccccccccc\"},\"query\":{}}","stackTrace":""}
{"date":"2020-10-26T10:44:00.879Z","level":"info","errorCode":"","message":"{\"method\":\"GET\",\"path\":\"/favicon.ico\",\"body\":{},\"query\":{}}","stackTrace":""}
{"date":"2020-10-26T10:53:55.685Z","level":"info","errorCode":"","message":"{\"method\":\"PUT\",\"path\":\"/users/7dacc92d-184e-4005-9ebe-547bfe117643\",\"body\":{\"name\":\"aaa\",\"login\":\"bbbbb\",\"password\":\"ccccccccc\"},\"query\":{}}","stackTrace":""}
{"date":"2020-10-26T10:54:39.561Z","level":"info","errorCode":"","message":"{\"method\":\"GET\",\"path\":\"/users\",\"body\":{},\"query\":{}}","stackTrace":""}
{"date":"2020-10-26T10:55:21.921Z","level":"info","errorCode":"","message":"{\"method\":\"PUT\",\"path\":\"/users/7dacc92d-184e-4005-9ebe-547bfe117643\",\"body\":{\"name\":\"alex\",\"login\":\"ivan\",\"password\":\"egor\"},\"query\":{}}","stackTrace":""}
{"date":"2020-10-26T10:55:37.036Z","level":"info","errorCode":"","message":"{\"method\":\"GET\",\"path\":\"/users\",\"body\":{},\"query\":{}}","stackTrace":""}
{"date":"2020-10-26T10:56:05.352Z","level":"info","errorCode":"","message":"{\"method\":\"PUT\",\"path\":\"/users/7dacc92d-184e-4005-9ebe-547bfe117643\",\"body\":{\"name\":\"alex123\",\"login\":\"ivan\",\"password\":\"egor\"},\"query\":{}}","stackTrace":""}
{"date":"2020-10-26T10:56:52.723Z","level":"info","errorCode":"","message":"{\"method\":\"POST\",\"path\":\"/users\",\"body\":{\"name\":\"string\",\"login\":\"string\",\"password\":\"string\"},\"query\":{}}","stackTrace":""}
{"date":"2020-10-26T10:58:08.029Z","level":"info","errorCode":"","message":"{\"method\":\"GET\",\"path\":\"/users/2e95546e-d564-4a64-a12b-49f9739a2ce2\",\"body\":{},\"query\":{}}","stackTrace":""}
{"date":"2020-10-26T10:58:39.016Z","level":"info","errorCode":"","message":"{\"method\":\"DELETE\",\"path\":\"/users/2e95546e-d564-4a64-a12b-49f9739a2ce2\",\"body\":{},\"query\":{}}","stackTrace":""}
{"date":"2020-10-26T10:58:46.576Z","level":"info","errorCode":"","message":"{\"method\":\"GET\",\"path\":\"/boards\",\"body\":{},\"query\":{}}","stackTrace":""}
{"date":"2020-10-26T10:58:57.171Z","level":"info","errorCode":"","message":"{\"method\":\"POST\",\"path\":\"/boards\",\"body\":{\"title\":\"string\",\"columns\":[{\"title\":\"string\",\"order\":0}]},\"query\":{}}","stackTrace":""}
{"date":"2020-10-26T10:59:12.227Z","level":"info","errorCode":"","message":"{\"method\":\"GET\",\"path\":\"/boards/cbc6cf8e-b475-4fc3-a8fb-f868ef771039\",\"body\":{},\"query\":{}}","stackTrace":""}
{"date":"2020-10-26T10:59:21.729Z","level":"info","errorCode":"","message":"{\"method\":\"PUT\",\"path\":\"/boards/cbc6cf8e-b475-4fc3-a8fb-f868ef771039\",\"body\":{\"title\":\"string\",\"columns\":[{\"id\":\"string\",\"title\":\"string\",\"order\":0}]},\"query\":{}}","stackTrace":""}
{"date":"2020-10-26T10:59:31.427Z","level":"info","errorCode":"","message":"{\"method\":\"DELETE\",\"path\":\"/boards/cbc6cf8e-b475-4fc3-a8fb-f868ef771039\",\"body\":{},\"query\":{}}","stackTrace":""}
{"date":"2020-10-26T10:59:46.627Z","level":"info","errorCode":"","message":"{\"method\":\"POST\",\"path\":\"/login\",\"body\":{\"login\":\"string\",\"password\":\"string\"},\"query\":{}}","stackTrace":""}
{"date":"2020-10-26T11:00:04.349Z","level":"info","errorCode":"","message":"{\"method\":\"GET\",\"path\":\"/boards/cbc6cf8e-b475-4fc3-a8fb-f868ef771039/tasks\",\"body\":{},\"query\":{}}","stackTrace":""}
{"date":"2020-10-26T11:00:12.438Z","level":"info","errorCode":"","message":"{\"method\":\"POST\",\"path\":\"/boards/cbc6cf8e-b475-4fc3-a8fb-f868ef771039/tasks\",\"body\":{\"title\":\"string\",\"order\":0,\"description\":\"string\",\"userId\":\"string\",\"boardId\":\"string\",\"columnId\":\"string\"},\"query\":{}}","stackTrace":""}
{"date":"2020-10-26T11:00:29.060Z","level":"info","errorCode":"","message":"{\"method\":\"GET\",\"path\":\"/boards/cbc6cf8e-b475-4fc3-a8fb-f868ef771039/tasks/1d1348cb-6b16-4bd3-8f16-56a8290026ee\",\"body\":{},\"query\":{}}","stackTrace":""}
{"date":"2020-10-26T11:01:21.426Z","level":"info","errorCode":"","message":"{\"method\":\"PUT\",\"path\":\"/boards/cbc6cf8e-b475-4fc3-a8fb-f868ef771039/tasks/1d1348cb-6b16-4bd3-8f16-56a8290026ee\",\"body\":{\"title\":\"string\",\"order\":0,\"description\":\"string\",\"userId\":\"string\",\"boardId\":\"string\",\"columnId\":\"string\"},\"query\":{}}","stackTrace":""}
{"date":"2020-10-26T11:01:44.553Z","level":"info","errorCode":"","message":"{\"method\":\"DELETE\",\"path\":\"/boards/cbc6cf8e-b475-4fc3-a8fb-f868ef771039/tasks/1d1348cb-6b16-4bd3-8f16-56a8290026ee\",\"body\":{},\"query\":{}}","stackTrace":""}
